{"/Users/shahulhameed/Desktop/Projects/TODO-LIST/FRONTEND/src/App.jsx": {"path":"/Users/shahulhameed/Desktop/Projects/TODO-LIST/FRONTEND/src/App.jsx","all":false,"statementMap":{"0":{"start":{"line":1,"column":0},"end":{"line":1,"column":51}},"1":{"start":{"line":2,"column":0},"end":{"line":2,"column":48}},"2":{"start":{"line":3,"column":0},"end":{"line":3,"column":54}},"3":{"start":{"line":4,"column":0},"end":{"line":4,"column":54}},"4":{"start":{"line":5,"column":0},"end":{"line":5,"column":19}},"6":{"start":{"line":7,"column":0},"end":{"line":7,"column":30}},"8":{"start":{"line":9,"column":0},"end":{"line":9,"column":16}},"9":{"start":{"line":10,"column":0},"end":{"line":10,"column":41}},"10":{"start":{"line":11,"column":0},"end":{"line":11,"column":47}},"11":{"start":{"line":12,"column":0},"end":{"line":12,"column":43}},"13":{"start":{"line":14,"column":0},"end":{"line":14,"column":19}},"14":{"start":{"line":15,"column":0},"end":{"line":15,"column":17}},"15":{"start":{"line":16,"column":0},"end":{"line":16,"column":9}},"17":{"start":{"line":18,"column":0},"end":{"line":18,"column":34}},"18":{"start":{"line":19,"column":0},"end":{"line":19,"column":21}},"19":{"start":{"line":20,"column":0},"end":{"line":20,"column":19}},"20":{"start":{"line":21,"column":0},"end":{"line":21,"column":9}},"21":{"start":{"line":22,"column":0},"end":{"line":22,"column":72}},"22":{"start":{"line":23,"column":0},"end":{"line":23,"column":24}},"23":{"start":{"line":24,"column":0},"end":{"line":24,"column":43}},"24":{"start":{"line":25,"column":0},"end":{"line":25,"column":23}},"25":{"start":{"line":26,"column":0},"end":{"line":26,"column":14}},"26":{"start":{"line":27,"column":0},"end":{"line":27,"column":45}},"27":{"start":{"line":28,"column":0},"end":{"line":28,"column":7}},"28":{"start":{"line":29,"column":0},"end":{"line":29,"column":21}},"29":{"start":{"line":30,"column":0},"end":{"line":30,"column":52}},"30":{"start":{"line":31,"column":0},"end":{"line":31,"column":65}},"31":{"start":{"line":32,"column":0},"end":{"line":32,"column":15}},"32":{"start":{"line":33,"column":0},"end":{"line":33,"column":24}},"33":{"start":{"line":34,"column":0},"end":{"line":34,"column":5}},"34":{"start":{"line":35,"column":0},"end":{"line":35,"column":4}},"36":{"start":{"line":37,"column":0},"end":{"line":37,"column":44}},"37":{"start":{"line":38,"column":0},"end":{"line":38,"column":9}},"38":{"start":{"line":39,"column":0},"end":{"line":39,"column":70}},"39":{"start":{"line":40,"column":0},"end":{"line":40,"column":21}},"40":{"start":{"line":41,"column":0},"end":{"line":41,"column":9}},"41":{"start":{"line":42,"column":0},"end":{"line":42,"column":24}},"42":{"start":{"line":43,"column":0},"end":{"line":43,"column":21}},"43":{"start":{"line":44,"column":0},"end":{"line":44,"column":7}},"44":{"start":{"line":45,"column":0},"end":{"line":45,"column":21}},"45":{"start":{"line":46,"column":0},"end":{"line":46,"column":53}},"46":{"start":{"line":47,"column":0},"end":{"line":47,"column":37}},"47":{"start":{"line":48,"column":0},"end":{"line":48,"column":5}},"48":{"start":{"line":49,"column":0},"end":{"line":49,"column":4}},"50":{"start":{"line":51,"column":0},"end":{"line":51,"column":49}},"51":{"start":{"line":52,"column":0},"end":{"line":52,"column":9}},"52":{"start":{"line":53,"column":0},"end":{"line":53,"column":73}},"53":{"start":{"line":54,"column":0},"end":{"line":54,"column":22}},"54":{"start":{"line":55,"column":0},"end":{"line":55,"column":56}},"55":{"start":{"line":56,"column":0},"end":{"line":56,"column":42}},"56":{"start":{"line":57,"column":0},"end":{"line":57,"column":9}},"57":{"start":{"line":58,"column":0},"end":{"line":58,"column":24}},"58":{"start":{"line":59,"column":0},"end":{"line":59,"column":21}},"59":{"start":{"line":60,"column":0},"end":{"line":60,"column":7}},"60":{"start":{"line":61,"column":0},"end":{"line":61,"column":21}},"61":{"start":{"line":62,"column":0},"end":{"line":62,"column":51}},"62":{"start":{"line":63,"column":0},"end":{"line":63,"column":35}},"63":{"start":{"line":64,"column":0},"end":{"line":64,"column":5}},"64":{"start":{"line":65,"column":0},"end":{"line":65,"column":4}},"66":{"start":{"line":67,"column":0},"end":{"line":67,"column":10}},"67":{"start":{"line":68,"column":0},"end":{"line":68,"column":33}},"68":{"start":{"line":69,"column":0},"end":{"line":69,"column":16}},"69":{"start":{"line":70,"column":0},"end":{"line":70,"column":37}},"70":{"start":{"line":71,"column":0},"end":{"line":71,"column":45}},"72":{"start":{"line":73,"column":0},"end":{"line":73,"column":39}},"73":{"start":{"line":74,"column":0},"end":{"line":74,"column":31}},"74":{"start":{"line":75,"column":0},"end":{"line":75,"column":21}},"75":{"start":{"line":76,"column":0},"end":{"line":76,"column":120}},"76":{"start":{"line":77,"column":0},"end":{"line":77,"column":71}},"77":{"start":{"line":78,"column":0},"end":{"line":78,"column":56}},"78":{"start":{"line":79,"column":0},"end":{"line":79,"column":22}},"79":{"start":{"line":80,"column":0},"end":{"line":80,"column":36}},"80":{"start":{"line":81,"column":0},"end":{"line":81,"column":38}},"82":{"start":{"line":83,"column":0},"end":{"line":83,"column":23}},"83":{"start":{"line":84,"column":0},"end":{"line":84,"column":18}},"86":{"start":{"line":87,"column":0},"end":{"line":87,"column":22}},"87":{"start":{"line":88,"column":0},"end":{"line":88,"column":63}},"89":{"start":{"line":90,"column":0},"end":{"line":90,"column":21}},"90":{"start":{"line":91,"column":0},"end":{"line":91,"column":27}},"91":{"start":{"line":92,"column":0},"end":{"line":92,"column":49}},"92":{"start":{"line":93,"column":0},"end":{"line":93,"column":41}},"93":{"start":{"line":94,"column":0},"end":{"line":94,"column":14}},"95":{"start":{"line":96,"column":0},"end":{"line":96,"column":14}},"96":{"start":{"line":97,"column":0},"end":{"line":97,"column":12}},"97":{"start":{"line":98,"column":0},"end":{"line":98,"column":10}},"99":{"start":{"line":100,"column":0},"end":{"line":100,"column":1}},"101":{"start":{"line":102,"column":0},"end":{"line":102,"column":19}}},"s":{"0":1,"1":1,"2":1,"3":1,"4":1,"6":1,"8":30,"9":30,"10":30,"11":30,"13":30,"14":8,"15":30,"17":30,"18":12,"19":12,"20":12,"21":12,"22":12,"23":10,"24":10,"25":12,"26":1,"27":1,"28":12,"29":2,"30":2,"31":12,"32":12,"33":12,"34":12,"36":30,"37":2,"38":2,"39":2,"40":2,"41":1,"42":1,"43":1,"44":2,"45":1,"46":1,"47":1,"48":2,"50":30,"51":2,"52":2,"53":2,"54":2,"55":2,"56":2,"57":1,"58":1,"59":1,"60":2,"61":1,"62":1,"63":1,"64":2,"66":30,"67":30,"68":30,"69":30,"70":30,"72":30,"73":30,"74":30,"75":3,"76":3,"77":3,"78":3,"79":3,"80":3,"82":3,"83":3,"86":30,"87":12,"89":18,"90":18,"91":18,"92":18,"93":18,"95":30,"96":30,"97":30,"99":30,"101":1},"branchMap":{"0":{"type":"branch","line":9,"loc":{"start":{"line":9,"column":0},"end":{"line":100,"column":1}},"locations":[{"start":{"line":9,"column":0},"end":{"line":100,"column":1}}]},"1":{"type":"branch","line":75,"loc":{"start":{"line":75,"column":11},"end":{"line":84,"column":18}},"locations":[{"start":{"line":75,"column":11},"end":{"line":84,"column":18}}]},"2":{"type":"branch","line":87,"loc":{"start":{"line":87,"column":11},"end":{"line":88,"column":63}},"locations":[{"start":{"line":87,"column":11},"end":{"line":88,"column":63}}]},"3":{"type":"branch","line":88,"loc":{"start":{"line":88,"column":59},"end":{"line":94,"column":14}},"locations":[{"start":{"line":88,"column":59},"end":{"line":94,"column":14}}]},"4":{"type":"branch","line":14,"loc":{"start":{"line":14,"column":12},"end":{"line":16,"column":5}},"locations":[{"start":{"line":14,"column":12},"end":{"line":16,"column":5}}]},"5":{"type":"branch","line":18,"loc":{"start":{"line":18,"column":21},"end":{"line":35,"column":4}},"locations":[{"start":{"line":18,"column":21},"end":{"line":35,"column":4}}]},"6":{"type":"branch","line":22,"loc":{"start":{"line":22,"column":70},"end":{"line":23,"column":23}},"locations":[{"start":{"line":22,"column":70},"end":{"line":23,"column":23}}]},"7":{"type":"branch","line":23,"loc":{"start":{"line":23,"column":23},"end":{"line":26,"column":13}},"locations":[{"start":{"line":23,"column":23},"end":{"line":26,"column":13}}]},"8":{"type":"branch","line":26,"loc":{"start":{"line":26,"column":6},"end":{"line":28,"column":7}},"locations":[{"start":{"line":26,"column":6},"end":{"line":28,"column":7}}]},"9":{"type":"branch","line":29,"loc":{"start":{"line":29,"column":4},"end":{"line":32,"column":6}},"locations":[{"start":{"line":29,"column":4},"end":{"line":32,"column":6}}]},"10":{"type":"branch","line":37,"loc":{"start":{"line":37,"column":29},"end":{"line":49,"column":4}},"locations":[{"start":{"line":37,"column":29},"end":{"line":49,"column":4}}]},"11":{"type":"branch","line":41,"loc":{"start":{"line":41,"column":7},"end":{"line":44,"column":7}},"locations":[{"start":{"line":41,"column":7},"end":{"line":44,"column":7}}]},"12":{"type":"branch","line":45,"loc":{"start":{"line":45,"column":4},"end":{"line":48,"column":5}},"locations":[{"start":{"line":45,"column":4},"end":{"line":48,"column":5}}]},"13":{"type":"branch","line":51,"loc":{"start":{"line":51,"column":25},"end":{"line":65,"column":4}},"locations":[{"start":{"line":51,"column":25},"end":{"line":65,"column":4}}]},"14":{"type":"branch","line":57,"loc":{"start":{"line":57,"column":7},"end":{"line":60,"column":7}},"locations":[{"start":{"line":57,"column":7},"end":{"line":60,"column":7}}]},"15":{"type":"branch","line":61,"loc":{"start":{"line":61,"column":4},"end":{"line":64,"column":5}},"locations":[{"start":{"line":61,"column":4},"end":{"line":64,"column":5}}]}},"b":{"0":[30],"1":[3],"2":[12],"3":[18],"4":[8],"5":[12],"6":[11],"7":[10],"8":[1],"9":[2],"10":[2],"11":[1],"12":[1],"13":[2],"14":[1],"15":[1]},"fnMap":{"0":{"name":"App","decl":{"start":{"line":9,"column":0},"end":{"line":100,"column":1}},"loc":{"start":{"line":9,"column":0},"end":{"line":100,"column":1}},"line":9},"1":{"name":"fetchTasks","decl":{"start":{"line":18,"column":21},"end":{"line":35,"column":4}},"loc":{"start":{"line":18,"column":21},"end":{"line":35,"column":4}},"line":18},"2":{"name":"handleTaskComplete","decl":{"start":{"line":37,"column":29},"end":{"line":49,"column":4}},"loc":{"start":{"line":37,"column":29},"end":{"line":49,"column":4}},"line":37},"3":{"name":"handleTaskEdit","decl":{"start":{"line":51,"column":25},"end":{"line":65,"column":4}},"loc":{"start":{"line":51,"column":25},"end":{"line":65,"column":4}},"line":51}},"f":{"0":30,"1":12,"2":2,"3":2}}
,"/Users/shahulhameed/Desktop/Projects/TODO-LIST/FRONTEND/src/components/NavBar/NavBar.jsx": {"path":"/Users/shahulhameed/Desktop/Projects/TODO-LIST/FRONTEND/src/components/NavBar/NavBar.jsx","all":false,"statementMap":{"0":{"start":{"line":1,"column":0},"end":{"line":1,"column":26}},"1":{"start":{"line":2,"column":0},"end":{"line":2,"column":22}},"3":{"start":{"line":4,"column":0},"end":{"line":4,"column":19}},"4":{"start":{"line":5,"column":0},"end":{"line":5,"column":46}},"6":{"start":{"line":7,"column":0},"end":{"line":7,"column":10}},"7":{"start":{"line":8,"column":0},"end":{"line":8,"column":28}},"8":{"start":{"line":9,"column":0},"end":{"line":9,"column":38}},"9":{"start":{"line":10,"column":0},"end":{"line":10,"column":52}},"10":{"start":{"line":11,"column":0},"end":{"line":11,"column":47}},"11":{"start":{"line":12,"column":0},"end":{"line":12,"column":12}},"12":{"start":{"line":13,"column":0},"end":{"line":13,"column":10}},"14":{"start":{"line":15,"column":0},"end":{"line":15,"column":1}},"16":{"start":{"line":17,"column":0},"end":{"line":17,"column":22}}},"s":{"0":1,"1":1,"3":2,"4":2,"6":2,"7":2,"8":2,"9":2,"10":2,"11":2,"12":2,"14":2,"16":1},"branchMap":{"0":{"type":"branch","line":4,"loc":{"start":{"line":4,"column":0},"end":{"line":15,"column":1}},"locations":[{"start":{"line":4,"column":0},"end":{"line":15,"column":1}}]}},"b":{"0":[2]},"fnMap":{"0":{"name":"Navbar","decl":{"start":{"line":4,"column":0},"end":{"line":15,"column":1}},"loc":{"start":{"line":4,"column":0},"end":{"line":15,"column":1}},"line":4}},"f":{"0":2}}
,"/Users/shahulhameed/Desktop/Projects/TODO-LIST/FRONTEND/src/components/TaskCard/TaskCard.jsx": {"path":"/Users/shahulhameed/Desktop/Projects/TODO-LIST/FRONTEND/src/components/TaskCard/TaskCard.jsx","all":false,"statementMap":{"0":{"start":{"line":1,"column":0},"end":{"line":1,"column":40}},"1":{"start":{"line":2,"column":0},"end":{"line":2,"column":24}},"3":{"start":{"line":4,"column":0},"end":{"line":4,"column":49}},"4":{"start":{"line":5,"column":0},"end":{"line":5,"column":52}},"5":{"start":{"line":6,"column":0},"end":{"line":6,"column":58}},"6":{"start":{"line":7,"column":0},"end":{"line":7,"column":85}},"8":{"start":{"line":9,"column":0},"end":{"line":9,"column":28}},"9":{"start":{"line":10,"column":0},"end":{"line":10,"column":56}},"10":{"start":{"line":11,"column":0},"end":{"line":11,"column":14}},"11":{"start":{"line":12,"column":0},"end":{"line":12,"column":16}},"12":{"start":{"line":13,"column":0},"end":{"line":13,"column":32}},"13":{"start":{"line":14,"column":0},"end":{"line":14,"column":45}},"14":{"start":{"line":15,"column":0},"end":{"line":15,"column":9}},"15":{"start":{"line":16,"column":0},"end":{"line":16,"column":26}},"16":{"start":{"line":17,"column":0},"end":{"line":17,"column":12}},"17":{"start":{"line":18,"column":0},"end":{"line":18,"column":57}},"18":{"start":{"line":19,"column":0},"end":{"line":19,"column":5}},"19":{"start":{"line":20,"column":0},"end":{"line":20,"column":4}},"21":{"start":{"line":22,"column":0},"end":{"line":22,"column":30}},"22":{"start":{"line":23,"column":0},"end":{"line":23,"column":29}},"23":{"start":{"line":24,"column":0},"end":{"line":24,"column":49}},"24":{"start":{"line":25,"column":0},"end":{"line":25,"column":24}},"25":{"start":{"line":26,"column":0},"end":{"line":26,"column":4}},"27":{"start":{"line":28,"column":0},"end":{"line":28,"column":32}},"28":{"start":{"line":29,"column":0},"end":{"line":29,"column":24}},"29":{"start":{"line":30,"column":0},"end":{"line":30,"column":4}},"31":{"start":{"line":32,"column":0},"end":{"line":32,"column":18}},"32":{"start":{"line":33,"column":0},"end":{"line":33,"column":12}},"33":{"start":{"line":34,"column":0},"end":{"line":34,"column":41}},"34":{"start":{"line":35,"column":0},"end":{"line":35,"column":14}},"35":{"start":{"line":36,"column":0},"end":{"line":36,"column":21}},"36":{"start":{"line":37,"column":0},"end":{"line":37,"column":32}},"37":{"start":{"line":38,"column":0},"end":{"line":38,"column":28}},"38":{"start":{"line":39,"column":0},"end":{"line":39,"column":57}},"39":{"start":{"line":40,"column":0},"end":{"line":40,"column":34}},"40":{"start":{"line":41,"column":0},"end":{"line":41,"column":19}},"41":{"start":{"line":42,"column":0},"end":{"line":42,"column":10}},"42":{"start":{"line":43,"column":0},"end":{"line":43,"column":17}},"43":{"start":{"line":44,"column":0},"end":{"line":44,"column":35}},"44":{"start":{"line":45,"column":0},"end":{"line":45,"column":35}},"45":{"start":{"line":46,"column":0},"end":{"line":46,"column":64}},"46":{"start":{"line":47,"column":0},"end":{"line":47,"column":40}},"47":{"start":{"line":48,"column":0},"end":{"line":48,"column":18}},"48":{"start":{"line":49,"column":0},"end":{"line":49,"column":10}},"49":{"start":{"line":50,"column":0},"end":{"line":50,"column":38}},"50":{"start":{"line":51,"column":0},"end":{"line":51,"column":60}},"52":{"start":{"line":53,"column":0},"end":{"line":53,"column":19}},"53":{"start":{"line":54,"column":0},"end":{"line":54,"column":64}},"55":{"start":{"line":56,"column":0},"end":{"line":56,"column":19}},"56":{"start":{"line":57,"column":0},"end":{"line":57,"column":14}},"57":{"start":{"line":58,"column":0},"end":{"line":58,"column":12}},"59":{"start":{"line":60,"column":0},"end":{"line":60,"column":3}},"61":{"start":{"line":62,"column":0},"end":{"line":62,"column":38}},"62":{"start":{"line":63,"column":0},"end":{"line":63,"column":38}},"63":{"start":{"line":64,"column":0},"end":{"line":64,"column":45}},"64":{"start":{"line":65,"column":0},"end":{"line":65,"column":22}},"65":{"start":{"line":66,"column":0},"end":{"line":66,"column":21}},"66":{"start":{"line":67,"column":0},"end":{"line":67,"column":21}},"67":{"start":{"line":68,"column":0},"end":{"line":68,"column":22}},"68":{"start":{"line":69,"column":0},"end":{"line":69,"column":23}},"69":{"start":{"line":70,"column":0},"end":{"line":70,"column":7}},"70":{"start":{"line":71,"column":0},"end":{"line":71,"column":4}},"72":{"start":{"line":73,"column":0},"end":{"line":73,"column":10}},"73":{"start":{"line":74,"column":0},"end":{"line":74,"column":31}},"74":{"start":{"line":75,"column":0},"end":{"line":75,"column":35}},"75":{"start":{"line":76,"column":0},"end":{"line":76,"column":51}},"76":{"start":{"line":77,"column":0},"end":{"line":77,"column":71}},"77":{"start":{"line":78,"column":0},"end":{"line":78,"column":12}},"78":{"start":{"line":79,"column":0},"end":{"line":79,"column":60}},"79":{"start":{"line":80,"column":0},"end":{"line":80,"column":36}},"80":{"start":{"line":81,"column":0},"end":{"line":81,"column":62}},"82":{"start":{"line":83,"column":0},"end":{"line":83,"column":17}},"83":{"start":{"line":84,"column":0},"end":{"line":84,"column":72}},"85":{"start":{"line":86,"column":0},"end":{"line":86,"column":17}},"86":{"start":{"line":87,"column":0},"end":{"line":87,"column":12}},"87":{"start":{"line":88,"column":0},"end":{"line":88,"column":10}},"89":{"start":{"line":90,"column":0},"end":{"line":90,"column":1}},"91":{"start":{"line":92,"column":0},"end":{"line":92,"column":24}}},"s":{"0":1,"1":1,"3":12,"4":12,"5":12,"6":12,"8":12,"9":1,"10":1,"11":1,"12":1,"13":1,"14":1,"15":1,"16":1,"17":0,"18":0,"19":1,"21":12,"22":1,"23":1,"24":1,"25":1,"27":12,"28":0,"29":0,"31":12,"32":6,"33":6,"34":6,"35":6,"36":6,"37":6,"38":6,"39":6,"40":6,"41":6,"42":6,"43":6,"44":6,"45":6,"46":6,"47":6,"48":6,"49":6,"50":6,"52":6,"53":6,"55":6,"56":6,"57":6,"59":6,"61":6,"62":6,"63":6,"64":6,"65":6,"66":6,"67":6,"68":6,"69":6,"70":6,"72":6,"73":6,"74":6,"75":6,"76":6,"77":6,"78":6,"79":6,"80":6,"82":6,"83":6,"85":6,"86":6,"87":6,"89":6,"91":1},"branchMap":{"0":{"type":"branch","line":4,"loc":{"start":{"line":4,"column":0},"end":{"line":90,"column":1}},"locations":[{"start":{"line":4,"column":0},"end":{"line":90,"column":1}}]},"1":{"type":"branch","line":7,"loc":{"start":{"line":7,"column":66},"end":{"line":7,"column":83}},"locations":[{"start":{"line":7,"column":66},"end":{"line":7,"column":83}}]},"2":{"type":"branch","line":32,"loc":{"start":{"line":32,"column":17},"end":{"line":90,"column":1}},"locations":[{"start":{"line":32,"column":17},"end":{"line":90,"column":1}}]},"3":{"type":"branch","line":9,"loc":{"start":{"line":9,"column":21},"end":{"line":20,"column":4}},"locations":[{"start":{"line":9,"column":21},"end":{"line":20,"column":4}}]},"4":{"type":"branch","line":17,"loc":{"start":{"line":17,"column":4},"end":{"line":19,"column":5}},"locations":[{"start":{"line":17,"column":4},"end":{"line":19,"column":5}}]},"5":{"type":"branch","line":22,"loc":{"start":{"line":22,"column":23},"end":{"line":26,"column":4}},"locations":[{"start":{"line":22,"column":23},"end":{"line":26,"column":4}}]},"6":{"type":"branch","line":24,"loc":{"start":{"line":24,"column":30},"end":{"line":24,"column":47}},"locations":[{"start":{"line":24,"column":30},"end":{"line":24,"column":47}}]},"7":{"type":"branch","line":39,"loc":{"start":{"line":39,"column":20},"end":{"line":39,"column":57}},"locations":[{"start":{"line":39,"column":20},"end":{"line":39,"column":57}}]},"8":{"type":"branch","line":46,"loc":{"start":{"line":46,"column":20},"end":{"line":46,"column":64}},"locations":[{"start":{"line":46,"column":20},"end":{"line":46,"column":64}}]},"9":{"type":"branch","line":62,"loc":{"start":{"line":62,"column":21},"end":{"line":71,"column":4}},"locations":[{"start":{"line":62,"column":21},"end":{"line":71,"column":4}}]},"10":{"type":"branch","line":84,"loc":{"start":{"line":84,"column":25},"end":{"line":84,"column":51}},"locations":[{"start":{"line":84,"column":25},"end":{"line":84,"column":51}}]}},"b":{"0":[12],"1":[0],"2":[6],"3":[1],"4":[0],"5":[1],"6":[0],"7":[2],"8":[1],"9":[6],"10":[3]},"fnMap":{"0":{"name":"TaskCard","decl":{"start":{"line":4,"column":0},"end":{"line":90,"column":1}},"loc":{"start":{"line":4,"column":0},"end":{"line":90,"column":1}},"line":4},"1":{"name":"handleSave","decl":{"start":{"line":9,"column":21},"end":{"line":20,"column":4}},"loc":{"start":{"line":9,"column":21},"end":{"line":20,"column":4}},"line":9},"2":{"name":"handleCancel","decl":{"start":{"line":22,"column":23},"end":{"line":26,"column":4}},"loc":{"start":{"line":22,"column":23},"end":{"line":26,"column":4}},"line":22},"3":{"name":"handleComplete","decl":{"start":{"line":28,"column":25},"end":{"line":30,"column":4}},"loc":{"start":{"line":28,"column":25},"end":{"line":30,"column":4}},"line":28},"4":{"name":"onChange","decl":{"start":{"line":39,"column":20},"end":{"line":39,"column":57}},"loc":{"start":{"line":39,"column":20},"end":{"line":39,"column":57}},"line":39},"5":{"name":"onChange","decl":{"start":{"line":46,"column":20},"end":{"line":46,"column":64}},"loc":{"start":{"line":46,"column":20},"end":{"line":46,"column":64}},"line":46},"6":{"name":"formatDate","decl":{"start":{"line":62,"column":21},"end":{"line":71,"column":4}},"loc":{"start":{"line":62,"column":21},"end":{"line":71,"column":4}},"line":62},"7":{"name":"onClick","decl":{"start":{"line":84,"column":25},"end":{"line":84,"column":51}},"loc":{"start":{"line":84,"column":25},"end":{"line":84,"column":51}},"line":84}},"f":{"0":12,"1":1,"2":1,"3":0,"4":2,"5":1,"6":6,"7":3}}
,"/Users/shahulhameed/Desktop/Projects/TODO-LIST/FRONTEND/src/components/TaskForm/TaskForm.jsx": {"path":"/Users/shahulhameed/Desktop/Projects/TODO-LIST/FRONTEND/src/components/TaskForm/TaskForm.jsx","all":false,"statementMap":{"0":{"start":{"line":1,"column":0},"end":{"line":1,"column":40}},"1":{"start":{"line":2,"column":0},"end":{"line":2,"column":24}},"3":{"start":{"line":4,"column":0},"end":{"line":4,"column":25}},"5":{"start":{"line":6,"column":0},"end":{"line":6,"column":36}},"6":{"start":{"line":7,"column":0},"end":{"line":7,"column":39}},"7":{"start":{"line":8,"column":0},"end":{"line":8,"column":53}},"8":{"start":{"line":9,"column":0},"end":{"line":9,"column":48}},"10":{"start":{"line":11,"column":0},"end":{"line":11,"column":36}},"11":{"start":{"line":12,"column":0},"end":{"line":12,"column":46}},"12":{"start":{"line":13,"column":0},"end":{"line":13,"column":57}},"13":{"start":{"line":14,"column":0},"end":{"line":14,"column":13}},"14":{"start":{"line":15,"column":0},"end":{"line":15,"column":5}},"16":{"start":{"line":17,"column":0},"end":{"line":17,"column":21}},"18":{"start":{"line":19,"column":0},"end":{"line":19,"column":9}},"19":{"start":{"line":20,"column":0},"end":{"line":20,"column":45}},"20":{"start":{"line":21,"column":0},"end":{"line":21,"column":23}},"21":{"start":{"line":22,"column":0},"end":{"line":22,"column":18}},"22":{"start":{"line":23,"column":0},"end":{"line":23,"column":45}},"23":{"start":{"line":24,"column":0},"end":{"line":24,"column":10}},"24":{"start":{"line":25,"column":0},"end":{"line":25,"column":30}},"25":{"start":{"line":26,"column":0},"end":{"line":26,"column":28}},"26":{"start":{"line":27,"column":0},"end":{"line":27,"column":41}},"27":{"start":{"line":28,"column":0},"end":{"line":28,"column":11}},"28":{"start":{"line":29,"column":0},"end":{"line":29,"column":9}},"30":{"start":{"line":31,"column":0},"end":{"line":31,"column":24}},"31":{"start":{"line":32,"column":0},"end":{"line":32,"column":20}},"32":{"start":{"line":33,"column":0},"end":{"line":33,"column":27}},"33":{"start":{"line":34,"column":0},"end":{"line":34,"column":22}},"34":{"start":{"line":35,"column":0},"end":{"line":35,"column":14}},"35":{"start":{"line":36,"column":0},"end":{"line":36,"column":55}},"36":{"start":{"line":37,"column":0},"end":{"line":37,"column":7}},"37":{"start":{"line":38,"column":0},"end":{"line":38,"column":21}},"38":{"start":{"line":39,"column":0},"end":{"line":39,"column":49}},"39":{"start":{"line":40,"column":0},"end":{"line":40,"column":43}},"40":{"start":{"line":41,"column":0},"end":{"line":41,"column":15}},"41":{"start":{"line":42,"column":0},"end":{"line":42,"column":24}},"42":{"start":{"line":43,"column":0},"end":{"line":43,"column":5}},"43":{"start":{"line":44,"column":0},"end":{"line":44,"column":4}},"45":{"start":{"line":46,"column":0},"end":{"line":46,"column":10}},"46":{"start":{"line":47,"column":0},"end":{"line":47,"column":41}},"47":{"start":{"line":48,"column":0},"end":{"line":48,"column":48}},"49":{"start":{"line":50,"column":0},"end":{"line":50,"column":34}},"50":{"start":{"line":51,"column":0},"end":{"line":51,"column":66}},"51":{"start":{"line":52,"column":0},"end":{"line":52,"column":14}},"52":{"start":{"line":53,"column":0},"end":{"line":53,"column":19}},"53":{"start":{"line":54,"column":0},"end":{"line":54,"column":21}},"54":{"start":{"line":55,"column":0},"end":{"line":55,"column":22}},"55":{"start":{"line":56,"column":0},"end":{"line":56,"column":51}},"56":{"start":{"line":57,"column":0},"end":{"line":57,"column":32}},"57":{"start":{"line":58,"column":0},"end":{"line":58,"column":40}},"58":{"start":{"line":59,"column":0},"end":{"line":59,"column":10}},"59":{"start":{"line":60,"column":0},"end":{"line":60,"column":12}},"61":{"start":{"line":62,"column":0},"end":{"line":62,"column":34}},"62":{"start":{"line":63,"column":0},"end":{"line":63,"column":79}},"63":{"start":{"line":64,"column":0},"end":{"line":64,"column":17}},"64":{"start":{"line":65,"column":0},"end":{"line":65,"column":26}},"65":{"start":{"line":66,"column":0},"end":{"line":66,"column":29}},"66":{"start":{"line":67,"column":0},"end":{"line":67,"column":58}},"67":{"start":{"line":68,"column":0},"end":{"line":68,"column":35}},"68":{"start":{"line":69,"column":0},"end":{"line":69,"column":46}},"69":{"start":{"line":70,"column":0},"end":{"line":70,"column":18}},"70":{"start":{"line":71,"column":0},"end":{"line":71,"column":10}},"71":{"start":{"line":72,"column":0},"end":{"line":72,"column":12}},"73":{"start":{"line":74,"column":0},"end":{"line":74,"column":13}},"74":{"start":{"line":75,"column":0},"end":{"line":75,"column":30}},"75":{"start":{"line":76,"column":0},"end":{"line":76,"column":31}},"76":{"start":{"line":77,"column":0},"end":{"line":77,"column":65}},"78":{"start":{"line":79,"column":0},"end":{"line":79,"column":44}},"79":{"start":{"line":80,"column":0},"end":{"line":80,"column":15}},"80":{"start":{"line":81,"column":0},"end":{"line":81,"column":10}},"82":{"start":{"line":83,"column":0},"end":{"line":83,"column":1}},"84":{"start":{"line":85,"column":0},"end":{"line":85,"column":24}}},"s":{"0":1,"1":1,"3":1,"5":16,"6":16,"7":16,"8":16,"10":16,"11":2,"12":0,"13":0,"14":0,"16":2,"18":2,"19":2,"20":2,"21":2,"22":2,"23":2,"24":2,"25":2,"26":2,"27":2,"28":2,"30":2,"31":1,"32":1,"33":1,"34":1,"35":1,"36":1,"37":2,"38":0,"39":0,"40":2,"41":2,"42":2,"43":2,"45":16,"46":16,"47":16,"49":16,"50":16,"51":16,"52":16,"53":16,"54":16,"55":16,"56":16,"57":16,"58":16,"59":16,"61":16,"62":16,"63":16,"64":16,"65":16,"66":16,"67":16,"68":16,"69":16,"70":16,"71":16,"73":16,"74":16,"75":16,"76":16,"78":16,"79":16,"80":16,"82":16,"84":1},"branchMap":{"0":{"type":"branch","line":6,"loc":{"start":{"line":6,"column":0},"end":{"line":83,"column":1}},"locations":[{"start":{"line":6,"column":0},"end":{"line":83,"column":1}}]},"1":{"type":"branch","line":77,"loc":{"start":{"line":77,"column":18},"end":{"line":77,"column":45}},"locations":[{"start":{"line":77,"column":18},"end":{"line":77,"column":45}}]},"2":{"type":"branch","line":77,"loc":{"start":{"line":77,"column":40},"end":{"line":77,"column":65}},"locations":[{"start":{"line":77,"column":40},"end":{"line":77,"column":65}}]},"3":{"type":"branch","line":79,"loc":{"start":{"line":79,"column":9},"end":{"line":79,"column":33}},"locations":[{"start":{"line":79,"column":9},"end":{"line":79,"column":33}}]},"4":{"type":"branch","line":79,"loc":{"start":{"line":79,"column":19},"end":{"line":79,"column":44}},"locations":[{"start":{"line":79,"column":19},"end":{"line":79,"column":44}}]},"5":{"type":"branch","line":11,"loc":{"start":{"line":11,"column":23},"end":{"line":44,"column":4}},"locations":[{"start":{"line":11,"column":23},"end":{"line":44,"column":4}}]},"6":{"type":"branch","line":12,"loc":{"start":{"line":12,"column":45},"end":{"line":15,"column":5}},"locations":[{"start":{"line":12,"column":45},"end":{"line":15,"column":5}}]},"7":{"type":"branch","line":31,"loc":{"start":{"line":31,"column":23},"end":{"line":37,"column":7}},"locations":[{"start":{"line":31,"column":23},"end":{"line":37,"column":7}}]},"8":{"type":"branch","line":38,"loc":{"start":{"line":38,"column":4},"end":{"line":41,"column":6}},"locations":[{"start":{"line":38,"column":4},"end":{"line":41,"column":6}}]},"9":{"type":"branch","line":56,"loc":{"start":{"line":56,"column":20},"end":{"line":56,"column":51}},"locations":[{"start":{"line":56,"column":20},"end":{"line":56,"column":51}}]},"10":{"type":"branch","line":67,"loc":{"start":{"line":67,"column":20},"end":{"line":67,"column":58}},"locations":[{"start":{"line":67,"column":20},"end":{"line":67,"column":58}}]}},"b":{"0":[16],"1":[14],"2":[8],"3":[2],"4":[14],"5":[2],"6":[0],"7":[1],"8":[0],"9":[4],"10":[3]},"fnMap":{"0":{"name":"TaskForm","decl":{"start":{"line":6,"column":0},"end":{"line":83,"column":1}},"loc":{"start":{"line":6,"column":0},"end":{"line":83,"column":1}},"line":6},"1":{"name":"handleSubmit","decl":{"start":{"line":11,"column":23},"end":{"line":44,"column":4}},"loc":{"start":{"line":11,"column":23},"end":{"line":44,"column":4}},"line":11},"2":{"name":"onChange","decl":{"start":{"line":56,"column":20},"end":{"line":56,"column":51}},"loc":{"start":{"line":56,"column":20},"end":{"line":56,"column":51}},"line":56},"3":{"name":"onChange","decl":{"start":{"line":67,"column":20},"end":{"line":67,"column":58}},"loc":{"start":{"line":67,"column":20},"end":{"line":67,"column":58}},"line":67}},"f":{"0":16,"1":2,"2":4,"3":3}}
,"/Users/shahulhameed/Desktop/Projects/TODO-LIST/FRONTEND/src/components/TaskList/TaskList.jsx": {"path":"/Users/shahulhameed/Desktop/Projects/TODO-LIST/FRONTEND/src/components/TaskList/TaskList.jsx","all":false,"statementMap":{"0":{"start":{"line":1,"column":0},"end":{"line":1,"column":26}},"1":{"start":{"line":2,"column":0},"end":{"line":2,"column":44}},"2":{"start":{"line":3,"column":0},"end":{"line":3,"column":24}},"4":{"start":{"line":5,"column":0},"end":{"line":5,"column":58}},"5":{"start":{"line":6,"column":0},"end":{"line":6,"column":27}},"6":{"start":{"line":7,"column":0},"end":{"line":7,"column":12}},"7":{"start":{"line":8,"column":0},"end":{"line":8,"column":35}},"9":{"start":{"line":10,"column":0},"end":{"line":10,"column":10}},"11":{"start":{"line":12,"column":0},"end":{"line":12,"column":3}},"13":{"start":{"line":14,"column":0},"end":{"line":14,"column":10}},"14":{"start":{"line":15,"column":0},"end":{"line":15,"column":31}},"15":{"start":{"line":16,"column":0},"end":{"line":16,"column":28}},"16":{"start":{"line":17,"column":0},"end":{"line":17,"column":18}},"17":{"start":{"line":18,"column":0},"end":{"line":18,"column":24}},"18":{"start":{"line":19,"column":0},"end":{"line":19,"column":22}},"19":{"start":{"line":20,"column":0},"end":{"line":20,"column":37}},"20":{"start":{"line":21,"column":0},"end":{"line":21,"column":29}},"21":{"start":{"line":22,"column":0},"end":{"line":22,"column":10}},"22":{"start":{"line":23,"column":0},"end":{"line":23,"column":9}},"23":{"start":{"line":24,"column":0},"end":{"line":24,"column":10}},"25":{"start":{"line":26,"column":0},"end":{"line":26,"column":1}},"27":{"start":{"line":28,"column":0},"end":{"line":28,"column":24}}},"s":{"0":1,"1":1,"2":1,"4":4,"5":4,"6":1,"7":1,"9":1,"11":1,"13":3,"14":3,"15":3,"16":6,"17":6,"18":6,"19":6,"20":6,"21":6,"22":3,"23":3,"25":3,"27":1},"branchMap":{"0":{"type":"branch","line":5,"loc":{"start":{"line":5,"column":0},"end":{"line":26,"column":1}},"locations":[{"start":{"line":5,"column":0},"end":{"line":26,"column":1}}]},"1":{"type":"branch","line":6,"loc":{"start":{"line":6,"column":26},"end":{"line":12,"column":3}},"locations":[{"start":{"line":6,"column":26},"end":{"line":12,"column":3}}]},"2":{"type":"branch","line":12,"loc":{"start":{"line":12,"column":2},"end":{"line":26,"column":1}},"locations":[{"start":{"line":12,"column":2},"end":{"line":26,"column":1}}]},"3":{"type":"branch","line":16,"loc":{"start":{"line":16,"column":17},"end":{"line":22,"column":10}},"locations":[{"start":{"line":16,"column":17},"end":{"line":22,"column":10}}]}},"b":{"0":[4],"1":[1],"2":[3],"3":[6]},"fnMap":{"0":{"name":"TaskList","decl":{"start":{"line":5,"column":0},"end":{"line":26,"column":1}},"loc":{"start":{"line":5,"column":0},"end":{"line":26,"column":1}},"line":5}},"f":{"0":4}}
}
