{"/Users/shahulhameed/Desktop/Projects/TODO-LIST/FRONTEND/src/App.jsx": {"path":"/Users/shahulhameed/Desktop/Projects/TODO-LIST/FRONTEND/src/App.jsx","all":false,"statementMap":{"0":{"start":{"line":1,"column":0},"end":{"line":1,"column":51}},"1":{"start":{"line":2,"column":0},"end":{"line":2,"column":48}},"2":{"start":{"line":3,"column":0},"end":{"line":3,"column":54}},"3":{"start":{"line":4,"column":0},"end":{"line":4,"column":54}},"4":{"start":{"line":5,"column":0},"end":{"line":5,"column":19}},"6":{"start":{"line":7,"column":0},"end":{"line":7,"column":30}},"8":{"start":{"line":9,"column":0},"end":{"line":9,"column":16}},"9":{"start":{"line":10,"column":0},"end":{"line":10,"column":41}},"10":{"start":{"line":11,"column":0},"end":{"line":11,"column":47}},"11":{"start":{"line":12,"column":0},"end":{"line":12,"column":43}},"13":{"start":{"line":14,"column":0},"end":{"line":14,"column":19}},"14":{"start":{"line":15,"column":0},"end":{"line":15,"column":17}},"15":{"start":{"line":16,"column":0},"end":{"line":16,"column":9}},"17":{"start":{"line":18,"column":0},"end":{"line":18,"column":34}},"18":{"start":{"line":19,"column":0},"end":{"line":19,"column":21}},"19":{"start":{"line":20,"column":0},"end":{"line":20,"column":19}},"20":{"start":{"line":21,"column":0},"end":{"line":21,"column":9}},"21":{"start":{"line":22,"column":0},"end":{"line":22,"column":72}},"22":{"start":{"line":23,"column":0},"end":{"line":23,"column":24}},"23":{"start":{"line":24,"column":0},"end":{"line":24,"column":43}},"24":{"start":{"line":25,"column":0},"end":{"line":25,"column":23}},"25":{"start":{"line":26,"column":0},"end":{"line":26,"column":14}},"26":{"start":{"line":27,"column":0},"end":{"line":27,"column":45}},"27":{"start":{"line":28,"column":0},"end":{"line":28,"column":7}},"28":{"start":{"line":29,"column":0},"end":{"line":29,"column":21}},"29":{"start":{"line":30,"column":0},"end":{"line":30,"column":52}},"30":{"start":{"line":31,"column":0},"end":{"line":31,"column":65}},"31":{"start":{"line":32,"column":0},"end":{"line":32,"column":15}},"32":{"start":{"line":33,"column":0},"end":{"line":33,"column":24}},"33":{"start":{"line":34,"column":0},"end":{"line":34,"column":5}},"34":{"start":{"line":35,"column":0},"end":{"line":35,"column":4}},"36":{"start":{"line":37,"column":0},"end":{"line":37,"column":44}},"37":{"start":{"line":38,"column":0},"end":{"line":38,"column":9}},"38":{"start":{"line":39,"column":0},"end":{"line":39,"column":70}},"39":{"start":{"line":40,"column":0},"end":{"line":40,"column":21}},"40":{"start":{"line":41,"column":0},"end":{"line":41,"column":9}},"41":{"start":{"line":42,"column":0},"end":{"line":42,"column":24}},"42":{"start":{"line":43,"column":0},"end":{"line":43,"column":21}},"43":{"start":{"line":44,"column":0},"end":{"line":44,"column":7}},"44":{"start":{"line":45,"column":0},"end":{"line":45,"column":21}},"45":{"start":{"line":46,"column":0},"end":{"line":46,"column":53}},"46":{"start":{"line":47,"column":0},"end":{"line":47,"column":37}},"47":{"start":{"line":48,"column":0},"end":{"line":48,"column":5}},"48":{"start":{"line":49,"column":0},"end":{"line":49,"column":4}},"50":{"start":{"line":51,"column":0},"end":{"line":51,"column":49}},"51":{"start":{"line":52,"column":0},"end":{"line":52,"column":9}},"52":{"start":{"line":53,"column":0},"end":{"line":53,"column":73}},"53":{"start":{"line":54,"column":0},"end":{"line":54,"column":22}},"54":{"start":{"line":55,"column":0},"end":{"line":55,"column":56}},"55":{"start":{"line":56,"column":0},"end":{"line":56,"column":42}},"56":{"start":{"line":57,"column":0},"end":{"line":57,"column":9}},"57":{"start":{"line":58,"column":0},"end":{"line":58,"column":24}},"58":{"start":{"line":59,"column":0},"end":{"line":59,"column":21}},"59":{"start":{"line":60,"column":0},"end":{"line":60,"column":7}},"60":{"start":{"line":61,"column":0},"end":{"line":61,"column":21}},"61":{"start":{"line":62,"column":0},"end":{"line":62,"column":51}},"62":{"start":{"line":63,"column":0},"end":{"line":63,"column":35}},"63":{"start":{"line":64,"column":0},"end":{"line":64,"column":5}},"64":{"start":{"line":65,"column":0},"end":{"line":65,"column":4}},"66":{"start":{"line":67,"column":0},"end":{"line":67,"column":10}},"67":{"start":{"line":68,"column":0},"end":{"line":68,"column":33}},"68":{"start":{"line":69,"column":0},"end":{"line":69,"column":16}},"69":{"start":{"line":70,"column":0},"end":{"line":70,"column":37}},"70":{"start":{"line":71,"column":0},"end":{"line":71,"column":45}},"72":{"start":{"line":73,"column":0},"end":{"line":73,"column":39}},"73":{"start":{"line":74,"column":0},"end":{"line":74,"column":31}},"74":{"start":{"line":75,"column":0},"end":{"line":75,"column":21}},"75":{"start":{"line":76,"column":0},"end":{"line":76,"column":120}},"76":{"start":{"line":77,"column":0},"end":{"line":77,"column":71}},"77":{"start":{"line":78,"column":0},"end":{"line":78,"column":56}},"78":{"start":{"line":79,"column":0},"end":{"line":79,"column":22}},"79":{"start":{"line":80,"column":0},"end":{"line":80,"column":36}},"80":{"start":{"line":81,"column":0},"end":{"line":81,"column":38}},"82":{"start":{"line":83,"column":0},"end":{"line":83,"column":23}},"83":{"start":{"line":84,"column":0},"end":{"line":84,"column":18}},"86":{"start":{"line":87,"column":0},"end":{"line":87,"column":22}},"87":{"start":{"line":88,"column":0},"end":{"line":88,"column":63}},"89":{"start":{"line":90,"column":0},"end":{"line":90,"column":21}},"90":{"start":{"line":91,"column":0},"end":{"line":91,"column":27}},"91":{"start":{"line":92,"column":0},"end":{"line":92,"column":49}},"92":{"start":{"line":93,"column":0},"end":{"line":93,"column":41}},"93":{"start":{"line":94,"column":0},"end":{"line":94,"column":14}},"95":{"start":{"line":96,"column":0},"end":{"line":96,"column":14}},"96":{"start":{"line":97,"column":0},"end":{"line":97,"column":12}},"97":{"start":{"line":98,"column":0},"end":{"line":98,"column":10}},"99":{"start":{"line":100,"column":0},"end":{"line":100,"column":1}},"101":{"start":{"line":102,"column":0},"end":{"line":102,"column":19}}},"s":{"0":1,"1":1,"2":1,"3":1,"4":1,"6":1,"8":30,"9":30,"10":30,"11":30,"13":30,"14":8,"15":30,"17":30,"18":12,"19":12,"20":12,"21":12,"22":12,"23":10,"24":10,"25":12,"26":1,"27":1,"28":12,"29":2,"30":2,"31":12,"32":12,"33":12,"34":12,"36":30,"37":2,"38":2,"39":2,"40":2,"41":1,"42":1,"43":1,"44":2,"45":1,"46":1,"47":1,"48":2,"50":30,"51":2,"52":2,"53":2,"54":2,"55":2,"56":2,"57":1,"58":1,"59":1,"60":2,"61":1,"62":1,"63":1,"64":2,"66":30,"67":30,"68":30,"69":30,"70":30,"72":30,"73":30,"74":30,"75":3,"76":3,"77":3,"78":3,"79":3,"80":3,"82":3,"83":3,"86":30,"87":12,"89":18,"90":18,"91":18,"92":18,"93":18,"95":30,"96":30,"97":30,"99":30,"101":1},"branchMap":{"0":{"type":"branch","line":9,"loc":{"start":{"line":9,"column":0},"end":{"line":100,"column":1}},"locations":[{"start":{"line":9,"column":0},"end":{"line":100,"column":1}}]},"1":{"type":"branch","line":75,"loc":{"start":{"line":75,"column":11},"end":{"line":84,"column":18}},"locations":[{"start":{"line":75,"column":11},"end":{"line":84,"column":18}}]},"2":{"type":"branch","line":87,"loc":{"start":{"line":87,"column":11},"end":{"line":88,"column":63}},"locations":[{"start":{"line":87,"column":11},"end":{"line":88,"column":63}}]},"3":{"type":"branch","line":88,"loc":{"start":{"line":88,"column":59},"end":{"line":94,"column":14}},"locations":[{"start":{"line":88,"column":59},"end":{"line":94,"column":14}}]},"4":{"type":"branch","line":14,"loc":{"start":{"line":14,"column":12},"end":{"line":16,"column":5}},"locations":[{"start":{"line":14,"column":12},"end":{"line":16,"column":5}}]},"5":{"type":"branch","line":18,"loc":{"start":{"line":18,"column":21},"end":{"line":35,"column":4}},"locations":[{"start":{"line":18,"column":21},"end":{"line":35,"column":4}}]},"6":{"type":"branch","line":22,"loc":{"start":{"line":22,"column":70},"end":{"line":23,"column":23}},"locations":[{"start":{"line":22,"column":70},"end":{"line":23,"column":23}}]},"7":{"type":"branch","line":23,"loc":{"start":{"line":23,"column":23},"end":{"line":26,"column":13}},"locations":[{"start":{"line":23,"column":23},"end":{"line":26,"column":13}}]},"8":{"type":"branch","line":26,"loc":{"start":{"line":26,"column":6},"end":{"line":28,"column":7}},"locations":[{"start":{"line":26,"column":6},"end":{"line":28,"column":7}}]},"9":{"type":"branch","line":29,"loc":{"start":{"line":29,"column":4},"end":{"line":32,"column":6}},"locations":[{"start":{"line":29,"column":4},"end":{"line":32,"column":6}}]},"10":{"type":"branch","line":37,"loc":{"start":{"line":37,"column":29},"end":{"line":49,"column":4}},"locations":[{"start":{"line":37,"column":29},"end":{"line":49,"column":4}}]},"11":{"type":"branch","line":41,"loc":{"start":{"line":41,"column":7},"end":{"line":44,"column":7}},"locations":[{"start":{"line":41,"column":7},"end":{"line":44,"column":7}}]},"12":{"type":"branch","line":45,"loc":{"start":{"line":45,"column":4},"end":{"line":48,"column":5}},"locations":[{"start":{"line":45,"column":4},"end":{"line":48,"column":5}}]},"13":{"type":"branch","line":51,"loc":{"start":{"line":51,"column":25},"end":{"line":65,"column":4}},"locations":[{"start":{"line":51,"column":25},"end":{"line":65,"column":4}}]},"14":{"type":"branch","line":57,"loc":{"start":{"line":57,"column":7},"end":{"line":60,"column":7}},"locations":[{"start":{"line":57,"column":7},"end":{"line":60,"column":7}}]},"15":{"type":"branch","line":61,"loc":{"start":{"line":61,"column":4},"end":{"line":64,"column":5}},"locations":[{"start":{"line":61,"column":4},"end":{"line":64,"column":5}}]}},"b":{"0":[30],"1":[3],"2":[12],"3":[18],"4":[8],"5":[12],"6":[11],"7":[10],"8":[1],"9":[2],"10":[2],"11":[1],"12":[1],"13":[2],"14":[1],"15":[1]},"fnMap":{"0":{"name":"App","decl":{"start":{"line":9,"column":0},"end":{"line":100,"column":1}},"loc":{"start":{"line":9,"column":0},"end":{"line":100,"column":1}},"line":9},"1":{"name":"fetchTasks","decl":{"start":{"line":18,"column":21},"end":{"line":35,"column":4}},"loc":{"start":{"line":18,"column":21},"end":{"line":35,"column":4}},"line":18},"2":{"name":"handleTaskComplete","decl":{"start":{"line":37,"column":29},"end":{"line":49,"column":4}},"loc":{"start":{"line":37,"column":29},"end":{"line":49,"column":4}},"line":37},"3":{"name":"handleTaskEdit","decl":{"start":{"line":51,"column":25},"end":{"line":65,"column":4}},"loc":{"start":{"line":51,"column":25},"end":{"line":65,"column":4}},"line":51}},"f":{"0":30,"1":12,"2":2,"3":2}}
,"/Users/shahulhameed/Desktop/Projects/TODO-LIST/FRONTEND/src/components/NavBar/NavBar.jsx": {"path":"/Users/shahulhameed/Desktop/Projects/TODO-LIST/FRONTEND/src/components/NavBar/NavBar.jsx","all":false,"statementMap":{"0":{"start":{"line":1,"column":0},"end":{"line":1,"column":26}},"1":{"start":{"line":2,"column":0},"end":{"line":2,"column":22}},"3":{"start":{"line":4,"column":0},"end":{"line":4,"column":19}},"4":{"start":{"line":5,"column":0},"end":{"line":5,"column":46}},"6":{"start":{"line":7,"column":0},"end":{"line":7,"column":10}},"7":{"start":{"line":8,"column":0},"end":{"line":8,"column":28}},"8":{"start":{"line":9,"column":0},"end":{"line":9,"column":38}},"9":{"start":{"line":10,"column":0},"end":{"line":10,"column":52}},"10":{"start":{"line":11,"column":0},"end":{"line":11,"column":47}},"11":{"start":{"line":12,"column":0},"end":{"line":12,"column":12}},"12":{"start":{"line":13,"column":0},"end":{"line":13,"column":10}},"14":{"start":{"line":15,"column":0},"end":{"line":15,"column":1}},"16":{"start":{"line":17,"column":0},"end":{"line":17,"column":22}}},"s":{"0":1,"1":1,"3":2,"4":2,"6":2,"7":2,"8":2,"9":2,"10":2,"11":2,"12":2,"14":2,"16":1},"branchMap":{"0":{"type":"branch","line":4,"loc":{"start":{"line":4,"column":0},"end":{"line":15,"column":1}},"locations":[{"start":{"line":4,"column":0},"end":{"line":15,"column":1}}]}},"b":{"0":[2]},"fnMap":{"0":{"name":"Navbar","decl":{"start":{"line":4,"column":0},"end":{"line":15,"column":1}},"loc":{"start":{"line":4,"column":0},"end":{"line":15,"column":1}},"line":4}},"f":{"0":2}}
,"/Users/shahulhameed/Desktop/Projects/TODO-LIST/FRONTEND/src/components/TaskCard/TaskCard.jsx": {"path":"/Users/shahulhameed/Desktop/Projects/TODO-LIST/FRONTEND/src/components/TaskCard/TaskCard.jsx","all":false,"statementMap":{"0":{"start":{"line":1,"column":0},"end":{"line":1,"column":40}},"1":{"start":{"line":2,"column":0},"end":{"line":2,"column":24}},"3":{"start":{"line":4,"column":0},"end":{"line":4,"column":49}},"4":{"start":{"line":5,"column":0},"end":{"line":5,"column":52}},"5":{"start":{"line":6,"column":0},"end":{"line":6,"column":58}},"6":{"start":{"line":7,"column":0},"end":{"line":7,"column":61}},"7":{"start":{"line":8,"column":0},"end":{"line":8,"column":26}},"8":{"start":{"line":9,"column":0},"end":{"line":9,"column":4}},"9":{"start":{"line":10,"column":0},"end":{"line":10,"column":41}},"11":{"start":{"line":12,"column":0},"end":{"line":12,"column":28}},"12":{"start":{"line":13,"column":0},"end":{"line":13,"column":58}},"13":{"start":{"line":14,"column":0},"end":{"line":14,"column":53}},"14":{"start":{"line":15,"column":0},"end":{"line":15,"column":13}},"15":{"start":{"line":16,"column":0},"end":{"line":16,"column":5}},"16":{"start":{"line":17,"column":0},"end":{"line":17,"column":12}},"17":{"start":{"line":18,"column":0},"end":{"line":18,"column":14}},"18":{"start":{"line":19,"column":0},"end":{"line":19,"column":30}},"19":{"start":{"line":20,"column":0},"end":{"line":20,"column":44}},"20":{"start":{"line":21,"column":0},"end":{"line":21,"column":7}},"21":{"start":{"line":22,"column":0},"end":{"line":22,"column":24}},"22":{"start":{"line":23,"column":0},"end":{"line":23,"column":17}},"23":{"start":{"line":24,"column":0},"end":{"line":24,"column":4}},"25":{"start":{"line":26,"column":0},"end":{"line":26,"column":30}},"26":{"start":{"line":27,"column":0},"end":{"line":27,"column":29}},"27":{"start":{"line":28,"column":0},"end":{"line":28,"column":49}},"28":{"start":{"line":29,"column":0},"end":{"line":29,"column":24}},"29":{"start":{"line":30,"column":0},"end":{"line":30,"column":17}},"30":{"start":{"line":31,"column":0},"end":{"line":31,"column":4}},"32":{"start":{"line":33,"column":0},"end":{"line":33,"column":32}},"33":{"start":{"line":34,"column":0},"end":{"line":34,"column":24}},"34":{"start":{"line":35,"column":0},"end":{"line":35,"column":4}},"36":{"start":{"line":37,"column":0},"end":{"line":37,"column":18}},"37":{"start":{"line":38,"column":0},"end":{"line":38,"column":12}},"38":{"start":{"line":39,"column":0},"end":{"line":39,"column":41}},"39":{"start":{"line":40,"column":0},"end":{"line":40,"column":14}},"40":{"start":{"line":41,"column":0},"end":{"line":41,"column":21}},"41":{"start":{"line":42,"column":0},"end":{"line":42,"column":32}},"42":{"start":{"line":43,"column":0},"end":{"line":43,"column":28}},"43":{"start":{"line":44,"column":0},"end":{"line":44,"column":28}},"44":{"start":{"line":45,"column":0},"end":{"line":45,"column":42}},"45":{"start":{"line":46,"column":0},"end":{"line":46,"column":36}},"46":{"start":{"line":47,"column":0},"end":{"line":47,"column":12}},"47":{"start":{"line":48,"column":0},"end":{"line":48,"column":34}},"48":{"start":{"line":49,"column":0},"end":{"line":49,"column":19}},"49":{"start":{"line":50,"column":0},"end":{"line":50,"column":10}},"50":{"start":{"line":51,"column":0},"end":{"line":51,"column":17}},"51":{"start":{"line":52,"column":0},"end":{"line":52,"column":35}},"52":{"start":{"line":53,"column":0},"end":{"line":53,"column":35}},"53":{"start":{"line":54,"column":0},"end":{"line":54,"column":28}},"54":{"start":{"line":55,"column":0},"end":{"line":55,"column":49}},"55":{"start":{"line":56,"column":0},"end":{"line":56,"column":36}},"56":{"start":{"line":57,"column":0},"end":{"line":57,"column":12}},"57":{"start":{"line":58,"column":0},"end":{"line":58,"column":40}},"58":{"start":{"line":59,"column":0},"end":{"line":59,"column":18}},"59":{"start":{"line":60,"column":0},"end":{"line":60,"column":10}},"62":{"start":{"line":63,"column":0},"end":{"line":63,"column":19}},"63":{"start":{"line":64,"column":0},"end":{"line":64,"column":14}},"64":{"start":{"line":65,"column":0},"end":{"line":65,"column":20}},"65":{"start":{"line":66,"column":0},"end":{"line":66,"column":31}},"66":{"start":{"line":67,"column":0},"end":{"line":67,"column":35}},"67":{"start":{"line":68,"column":0},"end":{"line":68,"column":34}},"68":{"start":{"line":69,"column":0},"end":{"line":69,"column":14}},"70":{"start":{"line":71,"column":0},"end":{"line":71,"column":19}},"71":{"start":{"line":72,"column":0},"end":{"line":72,"column":16}},"74":{"start":{"line":75,"column":0},"end":{"line":75,"column":38}},"75":{"start":{"line":76,"column":0},"end":{"line":76,"column":60}},"77":{"start":{"line":78,"column":0},"end":{"line":78,"column":19}},"78":{"start":{"line":79,"column":0},"end":{"line":79,"column":64}},"80":{"start":{"line":81,"column":0},"end":{"line":81,"column":19}},"81":{"start":{"line":82,"column":0},"end":{"line":82,"column":14}},"82":{"start":{"line":83,"column":0},"end":{"line":83,"column":12}},"84":{"start":{"line":85,"column":0},"end":{"line":85,"column":3}},"86":{"start":{"line":87,"column":0},"end":{"line":87,"column":38}},"87":{"start":{"line":88,"column":0},"end":{"line":88,"column":38}},"88":{"start":{"line":89,"column":0},"end":{"line":89,"column":45}},"89":{"start":{"line":90,"column":0},"end":{"line":90,"column":22}},"90":{"start":{"line":91,"column":0},"end":{"line":91,"column":21}},"91":{"start":{"line":92,"column":0},"end":{"line":92,"column":21}},"92":{"start":{"line":93,"column":0},"end":{"line":93,"column":22}},"93":{"start":{"line":94,"column":0},"end":{"line":94,"column":24}},"94":{"start":{"line":95,"column":0},"end":{"line":95,"column":7}},"95":{"start":{"line":96,"column":0},"end":{"line":96,"column":4}},"97":{"start":{"line":98,"column":0},"end":{"line":98,"column":10}},"98":{"start":{"line":99,"column":0},"end":{"line":99,"column":31}},"99":{"start":{"line":100,"column":0},"end":{"line":100,"column":35}},"100":{"start":{"line":101,"column":0},"end":{"line":101,"column":51}},"101":{"start":{"line":102,"column":0},"end":{"line":102,"column":71}},"102":{"start":{"line":103,"column":0},"end":{"line":103,"column":12}},"103":{"start":{"line":104,"column":0},"end":{"line":104,"column":60}},"104":{"start":{"line":105,"column":0},"end":{"line":105,"column":36}},"105":{"start":{"line":106,"column":0},"end":{"line":106,"column":62}},"107":{"start":{"line":108,"column":0},"end":{"line":108,"column":17}},"108":{"start":{"line":109,"column":0},"end":{"line":109,"column":72}},"110":{"start":{"line":111,"column":0},"end":{"line":111,"column":17}},"111":{"start":{"line":112,"column":0},"end":{"line":112,"column":12}},"112":{"start":{"line":113,"column":0},"end":{"line":113,"column":10}},"114":{"start":{"line":115,"column":0},"end":{"line":115,"column":1}},"116":{"start":{"line":117,"column":0},"end":{"line":117,"column":24}}},"s":{"0":1,"1":1,"3":21,"4":21,"5":21,"6":21,"7":21,"8":21,"9":21,"11":21,"12":3,"13":2,"14":2,"15":2,"16":1,"17":1,"18":1,"19":1,"20":1,"21":1,"22":1,"23":3,"25":21,"26":0,"27":0,"28":0,"29":0,"30":0,"32":21,"33":1,"34":1,"36":21,"37":13,"38":13,"39":13,"40":13,"41":13,"42":13,"43":13,"44":4,"45":4,"46":4,"47":13,"48":13,"49":13,"50":13,"51":13,"52":13,"53":13,"54":2,"55":2,"56":2,"57":13,"58":13,"59":13,"62":13,"63":2,"64":2,"65":2,"66":2,"67":2,"68":2,"70":2,"71":2,"74":13,"75":13,"77":13,"78":13,"80":13,"81":13,"82":13,"84":13,"86":8,"87":8,"88":8,"89":8,"90":8,"91":8,"92":8,"93":8,"94":8,"95":8,"97":8,"98":8,"99":8,"100":8,"101":8,"102":8,"103":8,"104":8,"105":8,"107":8,"108":8,"110":8,"111":8,"112":8,"114":8,"116":1},"branchMap":{"0":{"type":"branch","line":4,"loc":{"start":{"line":4,"column":0},"end":{"line":115,"column":1}},"locations":[{"start":{"line":4,"column":0},"end":{"line":115,"column":1}}]},"1":{"type":"branch","line":8,"loc":{"start":{"line":8,"column":9},"end":{"line":8,"column":26}},"locations":[{"start":{"line":8,"column":9},"end":{"line":8,"column":26}}]},"2":{"type":"branch","line":37,"loc":{"start":{"line":37,"column":17},"end":{"line":85,"column":3}},"locations":[{"start":{"line":37,"column":17},"end":{"line":85,"column":3}}]},"3":{"type":"branch","line":63,"loc":{"start":{"line":63,"column":9},"end":{"line":72,"column":16}},"locations":[{"start":{"line":63,"column":9},"end":{"line":72,"column":16}}]},"4":{"type":"branch","line":85,"loc":{"start":{"line":85,"column":2},"end":{"line":115,"column":1}},"locations":[{"start":{"line":85,"column":2},"end":{"line":115,"column":1}}]},"5":{"type":"branch","line":12,"loc":{"start":{"line":12,"column":21},"end":{"line":24,"column":4}},"locations":[{"start":{"line":12,"column":21},"end":{"line":24,"column":4}}]},"6":{"type":"branch","line":13,"loc":{"start":{"line":13,"column":25},"end":{"line":13,"column":57}},"locations":[{"start":{"line":13,"column":25},"end":{"line":13,"column":57}}]},"7":{"type":"branch","line":13,"loc":{"start":{"line":13,"column":57},"end":{"line":16,"column":5}},"locations":[{"start":{"line":13,"column":57},"end":{"line":16,"column":5}}]},"8":{"type":"branch","line":16,"loc":{"start":{"line":16,"column":4},"end":{"line":23,"column":17}},"locations":[{"start":{"line":16,"column":4},"end":{"line":23,"column":17}}]},"9":{"type":"branch","line":33,"loc":{"start":{"line":33,"column":25},"end":{"line":35,"column":4}},"locations":[{"start":{"line":33,"column":25},"end":{"line":35,"column":4}}]},"10":{"type":"branch","line":44,"loc":{"start":{"line":44,"column":20},"end":{"line":47,"column":12}},"locations":[{"start":{"line":44,"column":20},"end":{"line":47,"column":12}}]},"11":{"type":"branch","line":46,"loc":{"start":{"line":46,"column":23},"end":{"line":46,"column":36}},"locations":[{"start":{"line":46,"column":23},"end":{"line":46,"column":36}}]},"12":{"type":"branch","line":54,"loc":{"start":{"line":54,"column":20},"end":{"line":57,"column":12}},"locations":[{"start":{"line":54,"column":20},"end":{"line":57,"column":12}}]},"13":{"type":"branch","line":56,"loc":{"start":{"line":56,"column":23},"end":{"line":56,"column":36}},"locations":[{"start":{"line":56,"column":23},"end":{"line":56,"column":36}}]},"14":{"type":"branch","line":87,"loc":{"start":{"line":87,"column":21},"end":{"line":96,"column":4}},"locations":[{"start":{"line":87,"column":21},"end":{"line":96,"column":4}}]},"15":{"type":"branch","line":109,"loc":{"start":{"line":109,"column":25},"end":{"line":109,"column":51}},"locations":[{"start":{"line":109,"column":25},"end":{"line":109,"column":51}}]}},"b":{"0":[21],"1":[2],"2":[13],"3":[2],"4":[8],"5":[3],"6":[1],"7":[2],"8":[1],"9":[1],"10":[4],"11":[1],"12":[2],"13":[0],"14":[8],"15":[5]},"fnMap":{"0":{"name":"TaskCard","decl":{"start":{"line":4,"column":0},"end":{"line":115,"column":1}},"loc":{"start":{"line":4,"column":0},"end":{"line":115,"column":1}},"line":4},"1":{"name":"handleSave","decl":{"start":{"line":12,"column":21},"end":{"line":24,"column":4}},"loc":{"start":{"line":12,"column":21},"end":{"line":24,"column":4}},"line":12},"2":{"name":"handleCancel","decl":{"start":{"line":26,"column":23},"end":{"line":31,"column":4}},"loc":{"start":{"line":26,"column":23},"end":{"line":31,"column":4}},"line":26},"3":{"name":"handleComplete","decl":{"start":{"line":33,"column":25},"end":{"line":35,"column":4}},"loc":{"start":{"line":33,"column":25},"end":{"line":35,"column":4}},"line":33},"4":{"name":"onChange","decl":{"start":{"line":44,"column":20},"end":{"line":47,"column":12}},"loc":{"start":{"line":44,"column":20},"end":{"line":47,"column":12}},"line":44},"5":{"name":"onChange","decl":{"start":{"line":54,"column":20},"end":{"line":57,"column":12}},"loc":{"start":{"line":54,"column":20},"end":{"line":57,"column":12}},"line":54},"6":{"name":"formatDate","decl":{"start":{"line":87,"column":21},"end":{"line":96,"column":4}},"loc":{"start":{"line":87,"column":21},"end":{"line":96,"column":4}},"line":87},"7":{"name":"onClick","decl":{"start":{"line":109,"column":25},"end":{"line":109,"column":51}},"loc":{"start":{"line":109,"column":25},"end":{"line":109,"column":51}},"line":109}},"f":{"0":21,"1":3,"2":0,"3":1,"4":4,"5":2,"6":8,"7":5}}
,"/Users/shahulhameed/Desktop/Projects/TODO-LIST/FRONTEND/src/components/TaskForm/TaskForm.jsx": {"path":"/Users/shahulhameed/Desktop/Projects/TODO-LIST/FRONTEND/src/components/TaskForm/TaskForm.jsx","all":false,"statementMap":{"0":{"start":{"line":1,"column":0},"end":{"line":1,"column":40}},"1":{"start":{"line":2,"column":0},"end":{"line":2,"column":24}},"3":{"start":{"line":4,"column":0},"end":{"line":4,"column":25}},"5":{"start":{"line":6,"column":0},"end":{"line":6,"column":36}},"6":{"start":{"line":7,"column":0},"end":{"line":7,"column":39}},"7":{"start":{"line":8,"column":0},"end":{"line":8,"column":53}},"8":{"start":{"line":9,"column":0},"end":{"line":9,"column":48}},"9":{"start":{"line":10,"column":0},"end":{"line":10,"column":41}},"11":{"start":{"line":12,"column":0},"end":{"line":12,"column":36}},"12":{"start":{"line":13,"column":0},"end":{"line":13,"column":46}},"13":{"start":{"line":14,"column":0},"end":{"line":14,"column":60}},"14":{"start":{"line":15,"column":0},"end":{"line":15,"column":13}},"15":{"start":{"line":16,"column":0},"end":{"line":16,"column":5}},"17":{"start":{"line":18,"column":0},"end":{"line":18,"column":21}},"18":{"start":{"line":19,"column":0},"end":{"line":19,"column":17}},"20":{"start":{"line":21,"column":0},"end":{"line":21,"column":9}},"21":{"start":{"line":22,"column":0},"end":{"line":22,"column":45}},"22":{"start":{"line":23,"column":0},"end":{"line":23,"column":23}},"23":{"start":{"line":24,"column":0},"end":{"line":24,"column":18}},"24":{"start":{"line":25,"column":0},"end":{"line":25,"column":45}},"25":{"start":{"line":26,"column":0},"end":{"line":26,"column":10}},"26":{"start":{"line":27,"column":0},"end":{"line":27,"column":30}},"27":{"start":{"line":28,"column":0},"end":{"line":28,"column":28}},"28":{"start":{"line":29,"column":0},"end":{"line":29,"column":42}},"29":{"start":{"line":30,"column":0},"end":{"line":30,"column":11}},"30":{"start":{"line":31,"column":0},"end":{"line":31,"column":9}},"32":{"start":{"line":33,"column":0},"end":{"line":33,"column":24}},"33":{"start":{"line":34,"column":0},"end":{"line":34,"column":20}},"34":{"start":{"line":35,"column":0},"end":{"line":35,"column":27}},"35":{"start":{"line":36,"column":0},"end":{"line":36,"column":22}},"36":{"start":{"line":37,"column":0},"end":{"line":37,"column":14}},"37":{"start":{"line":38,"column":0},"end":{"line":38,"column":58}},"38":{"start":{"line":39,"column":0},"end":{"line":39,"column":7}},"39":{"start":{"line":40,"column":0},"end":{"line":40,"column":21}},"40":{"start":{"line":41,"column":0},"end":{"line":41,"column":49}},"41":{"start":{"line":42,"column":0},"end":{"line":42,"column":46}},"42":{"start":{"line":43,"column":0},"end":{"line":43,"column":15}},"43":{"start":{"line":44,"column":0},"end":{"line":44,"column":24}},"44":{"start":{"line":45,"column":0},"end":{"line":45,"column":5}},"45":{"start":{"line":46,"column":0},"end":{"line":46,"column":4}},"47":{"start":{"line":48,"column":0},"end":{"line":48,"column":10}},"48":{"start":{"line":49,"column":0},"end":{"line":49,"column":41}},"49":{"start":{"line":50,"column":0},"end":{"line":50,"column":48}},"51":{"start":{"line":52,"column":0},"end":{"line":52,"column":34}},"52":{"start":{"line":53,"column":0},"end":{"line":53,"column":53}},"54":{"start":{"line":55,"column":0},"end":{"line":55,"column":16}},"55":{"start":{"line":56,"column":0},"end":{"line":56,"column":14}},"56":{"start":{"line":57,"column":0},"end":{"line":57,"column":19}},"57":{"start":{"line":58,"column":0},"end":{"line":58,"column":21}},"58":{"start":{"line":59,"column":0},"end":{"line":59,"column":22}},"59":{"start":{"line":60,"column":0},"end":{"line":60,"column":28}},"60":{"start":{"line":61,"column":0},"end":{"line":61,"column":36}},"61":{"start":{"line":62,"column":0},"end":{"line":62,"column":36}},"62":{"start":{"line":63,"column":0},"end":{"line":63,"column":12}},"63":{"start":{"line":64,"column":0},"end":{"line":64,"column":32}},"64":{"start":{"line":65,"column":0},"end":{"line":65,"column":40}},"65":{"start":{"line":66,"column":0},"end":{"line":66,"column":10}},"66":{"start":{"line":67,"column":0},"end":{"line":67,"column":12}},"68":{"start":{"line":69,"column":0},"end":{"line":69,"column":34}},"69":{"start":{"line":70,"column":0},"end":{"line":70,"column":60}},"71":{"start":{"line":72,"column":0},"end":{"line":72,"column":16}},"72":{"start":{"line":73,"column":0},"end":{"line":73,"column":17}},"73":{"start":{"line":74,"column":0},"end":{"line":74,"column":26}},"74":{"start":{"line":75,"column":0},"end":{"line":75,"column":29}},"75":{"start":{"line":76,"column":0},"end":{"line":76,"column":28}},"76":{"start":{"line":77,"column":0},"end":{"line":77,"column":43}},"77":{"start":{"line":78,"column":0},"end":{"line":78,"column":36}},"78":{"start":{"line":79,"column":0},"end":{"line":79,"column":12}},"79":{"start":{"line":80,"column":0},"end":{"line":80,"column":35}},"80":{"start":{"line":81,"column":0},"end":{"line":81,"column":46}},"81":{"start":{"line":82,"column":0},"end":{"line":82,"column":18}},"82":{"start":{"line":83,"column":0},"end":{"line":83,"column":10}},"83":{"start":{"line":84,"column":0},"end":{"line":84,"column":12}},"86":{"start":{"line":87,"column":0},"end":{"line":87,"column":17}},"87":{"start":{"line":88,"column":0},"end":{"line":88,"column":12}},"88":{"start":{"line":89,"column":0},"end":{"line":89,"column":18}},"89":{"start":{"line":90,"column":0},"end":{"line":90,"column":29}},"90":{"start":{"line":91,"column":0},"end":{"line":91,"column":33}},"91":{"start":{"line":92,"column":0},"end":{"line":92,"column":33}},"92":{"start":{"line":93,"column":0},"end":{"line":93,"column":12}},"94":{"start":{"line":95,"column":0},"end":{"line":95,"column":17}},"95":{"start":{"line":96,"column":0},"end":{"line":96,"column":14}},"98":{"start":{"line":99,"column":0},"end":{"line":99,"column":80}},"99":{"start":{"line":100,"column":0},"end":{"line":100,"column":44}},"100":{"start":{"line":101,"column":0},"end":{"line":101,"column":15}},"101":{"start":{"line":102,"column":0},"end":{"line":102,"column":10}},"103":{"start":{"line":104,"column":0},"end":{"line":104,"column":1}},"105":{"start":{"line":106,"column":0},"end":{"line":106,"column":24}}},"s":{"0":1,"1":1,"3":1,"5":20,"6":20,"7":20,"8":20,"9":20,"11":20,"12":4,"13":1,"14":1,"15":1,"17":3,"18":3,"20":3,"21":3,"22":3,"23":3,"24":3,"25":3,"26":3,"27":3,"28":3,"29":3,"30":3,"32":4,"33":1,"34":1,"35":1,"36":1,"37":1,"38":1,"39":4,"40":1,"41":1,"42":4,"43":3,"44":3,"45":4,"47":20,"48":20,"49":20,"51":20,"52":20,"54":20,"55":20,"56":20,"57":20,"58":20,"59":20,"60":4,"61":4,"62":4,"63":20,"64":20,"65":20,"66":20,"68":20,"69":20,"71":20,"72":20,"73":20,"74":20,"75":20,"76":3,"77":3,"78":3,"79":20,"80":20,"81":20,"82":20,"83":20,"86":20,"87":3,"88":3,"89":3,"90":3,"91":3,"92":3,"94":3,"95":3,"98":20,"99":20,"100":20,"101":20,"103":20,"105":1},"branchMap":{"0":{"type":"branch","line":6,"loc":{"start":{"line":6,"column":0},"end":{"line":104,"column":1}},"locations":[{"start":{"line":6,"column":0},"end":{"line":104,"column":1}}]},"1":{"type":"branch","line":87,"loc":{"start":{"line":87,"column":7},"end":{"line":96,"column":14}},"locations":[{"start":{"line":87,"column":7},"end":{"line":96,"column":14}}]},"2":{"type":"branch","line":100,"loc":{"start":{"line":100,"column":9},"end":{"line":100,"column":33}},"locations":[{"start":{"line":100,"column":9},"end":{"line":100,"column":33}}]},"3":{"type":"branch","line":100,"loc":{"start":{"line":100,"column":19},"end":{"line":100,"column":44}},"locations":[{"start":{"line":100,"column":19},"end":{"line":100,"column":44}}]},"4":{"type":"branch","line":12,"loc":{"start":{"line":12,"column":23},"end":{"line":46,"column":4}},"locations":[{"start":{"line":12,"column":23},"end":{"line":46,"column":4}}]},"5":{"type":"branch","line":13,"loc":{"start":{"line":13,"column":19},"end":{"line":13,"column":45}},"locations":[{"start":{"line":13,"column":19},"end":{"line":13,"column":45}}]},"6":{"type":"branch","line":13,"loc":{"start":{"line":13,"column":45},"end":{"line":16,"column":5}},"locations":[{"start":{"line":13,"column":45},"end":{"line":16,"column":5}}]},"7":{"type":"branch","line":16,"loc":{"start":{"line":16,"column":4},"end":{"line":31,"column":9}},"locations":[{"start":{"line":16,"column":4},"end":{"line":31,"column":9}}]},"8":{"type":"branch","line":31,"loc":{"start":{"line":31,"column":7},"end":{"line":33,"column":23}},"locations":[{"start":{"line":31,"column":7},"end":{"line":33,"column":23}}]},"9":{"type":"branch","line":33,"loc":{"start":{"line":33,"column":23},"end":{"line":39,"column":7}},"locations":[{"start":{"line":33,"column":23},"end":{"line":39,"column":7}}]},"10":{"type":"branch","line":40,"loc":{"start":{"line":40,"column":4},"end":{"line":43,"column":6}},"locations":[{"start":{"line":40,"column":4},"end":{"line":43,"column":6}}]},"11":{"type":"branch","line":43,"loc":{"start":{"line":43,"column":4},"end":{"line":45,"column":5}},"locations":[{"start":{"line":43,"column":4},"end":{"line":45,"column":5}}]},"12":{"type":"branch","line":60,"loc":{"start":{"line":60,"column":20},"end":{"line":63,"column":12}},"locations":[{"start":{"line":60,"column":20},"end":{"line":63,"column":12}}]},"13":{"type":"branch","line":62,"loc":{"start":{"line":62,"column":23},"end":{"line":62,"column":36}},"locations":[{"start":{"line":62,"column":23},"end":{"line":62,"column":36}}]},"14":{"type":"branch","line":76,"loc":{"start":{"line":76,"column":20},"end":{"line":79,"column":12}},"locations":[{"start":{"line":76,"column":20},"end":{"line":79,"column":12}}]},"15":{"type":"branch","line":78,"loc":{"start":{"line":78,"column":23},"end":{"line":78,"column":36}},"locations":[{"start":{"line":78,"column":23},"end":{"line":78,"column":36}}]}},"b":{"0":[20],"1":[3],"2":[3],"3":[17],"4":[4],"5":[3],"6":[1],"7":[3],"8":[2],"9":[1],"10":[1],"11":[3],"12":[4],"13":[0],"14":[3],"15":[0]},"fnMap":{"0":{"name":"TaskForm","decl":{"start":{"line":6,"column":0},"end":{"line":104,"column":1}},"loc":{"start":{"line":6,"column":0},"end":{"line":104,"column":1}},"line":6},"1":{"name":"handleSubmit","decl":{"start":{"line":12,"column":23},"end":{"line":46,"column":4}},"loc":{"start":{"line":12,"column":23},"end":{"line":46,"column":4}},"line":12},"2":{"name":"onChange","decl":{"start":{"line":60,"column":20},"end":{"line":63,"column":12}},"loc":{"start":{"line":60,"column":20},"end":{"line":63,"column":12}},"line":60},"3":{"name":"onChange","decl":{"start":{"line":76,"column":20},"end":{"line":79,"column":12}},"loc":{"start":{"line":76,"column":20},"end":{"line":79,"column":12}},"line":76}},"f":{"0":20,"1":4,"2":4,"3":3}}
,"/Users/shahulhameed/Desktop/Projects/TODO-LIST/FRONTEND/src/components/TaskList/TaskList.jsx": {"path":"/Users/shahulhameed/Desktop/Projects/TODO-LIST/FRONTEND/src/components/TaskList/TaskList.jsx","all":false,"statementMap":{"0":{"start":{"line":1,"column":0},"end":{"line":1,"column":26}},"1":{"start":{"line":2,"column":0},"end":{"line":2,"column":44}},"2":{"start":{"line":3,"column":0},"end":{"line":3,"column":24}},"4":{"start":{"line":5,"column":0},"end":{"line":5,"column":58}},"5":{"start":{"line":6,"column":0},"end":{"line":6,"column":27}},"6":{"start":{"line":7,"column":0},"end":{"line":7,"column":12}},"7":{"start":{"line":8,"column":0},"end":{"line":8,"column":35}},"9":{"start":{"line":10,"column":0},"end":{"line":10,"column":10}},"11":{"start":{"line":12,"column":0},"end":{"line":12,"column":3}},"13":{"start":{"line":14,"column":0},"end":{"line":14,"column":10}},"14":{"start":{"line":15,"column":0},"end":{"line":15,"column":31}},"15":{"start":{"line":16,"column":0},"end":{"line":16,"column":28}},"16":{"start":{"line":17,"column":0},"end":{"line":17,"column":18}},"17":{"start":{"line":18,"column":0},"end":{"line":18,"column":24}},"18":{"start":{"line":19,"column":0},"end":{"line":19,"column":22}},"19":{"start":{"line":20,"column":0},"end":{"line":20,"column":37}},"20":{"start":{"line":21,"column":0},"end":{"line":21,"column":29}},"21":{"start":{"line":22,"column":0},"end":{"line":22,"column":10}},"22":{"start":{"line":23,"column":0},"end":{"line":23,"column":9}},"23":{"start":{"line":24,"column":0},"end":{"line":24,"column":10}},"25":{"start":{"line":26,"column":0},"end":{"line":26,"column":1}},"27":{"start":{"line":28,"column":0},"end":{"line":28,"column":24}}},"s":{"0":1,"1":1,"2":1,"4":4,"5":4,"6":1,"7":1,"9":1,"11":1,"13":3,"14":3,"15":3,"16":6,"17":6,"18":6,"19":6,"20":6,"21":6,"22":3,"23":3,"25":3,"27":1},"branchMap":{"0":{"type":"branch","line":5,"loc":{"start":{"line":5,"column":0},"end":{"line":26,"column":1}},"locations":[{"start":{"line":5,"column":0},"end":{"line":26,"column":1}}]},"1":{"type":"branch","line":6,"loc":{"start":{"line":6,"column":26},"end":{"line":12,"column":3}},"locations":[{"start":{"line":6,"column":26},"end":{"line":12,"column":3}}]},"2":{"type":"branch","line":12,"loc":{"start":{"line":12,"column":2},"end":{"line":26,"column":1}},"locations":[{"start":{"line":12,"column":2},"end":{"line":26,"column":1}}]},"3":{"type":"branch","line":16,"loc":{"start":{"line":16,"column":17},"end":{"line":22,"column":10}},"locations":[{"start":{"line":16,"column":17},"end":{"line":22,"column":10}}]}},"b":{"0":[4],"1":[1],"2":[3],"3":[6]},"fnMap":{"0":{"name":"TaskList","decl":{"start":{"line":5,"column":0},"end":{"line":26,"column":1}},"loc":{"start":{"line":5,"column":0},"end":{"line":26,"column":1}},"line":5}},"f":{"0":4}}
}
